<?xml version="1.0" encoding="UTF-8"?>
<!-- Generated by org.testng.reporters.JUnitReportReporter -->
<testsuite hostname="LAPTOP-5TL5FN9S" failures="0" tests="1" name="TestCases.IMDbTest" time="19.149" errors="0" timestamp="2022-08-04T15:05:39 CEST" skipped="0">
  <testcase classname="TestCases.IMDbTest" name="imdbTest" time="19.149"/>
  <system-out/>
</testsuite> <!-- TestCases.IMDbTest -->
