<?xml version="1.0" encoding="UTF-8"?>
<!-- Generated by org.testng.reporters.JUnitReportReporter -->
<testsuite hostname="LAPTOP-5TL5FN9S" failures="0" tests="1" name="TestCases.WikipediaTest" time="12.828" errors="0" timestamp="2022-07-30T18:18:03 CEST" skipped="0">
  <testcase classname="TestCases.WikipediaTest" name="WikiTest" time="12.828"/>
  <system-out/>
</testsuite> <!-- TestCases.WikipediaTest -->
