<?xml version="1.0" encoding="UTF-8"?>
<!-- Generated by org.testng.reporters.JUnitReportReporter -->
<testsuite hostname="LAPTOP-5TL5FN9S" failures="0" tests="1" name="TestCases.CompareData" time="24.639" errors="0" timestamp="2022-08-04T15:05:39 CEST" skipped="0">
  <testcase classname="TestCases.CompareData" name="getData" time="24.639"/>
  <system-out>
    <![CDATA[Test Failed
Test passed]]>
  </system-out>
</testsuite> <!-- TestCases.CompareData -->
