<?xml version="1.0" encoding="UTF-8"?>
<!-- Generated by org.testng.reporters.JUnitReportReporter -->
<testsuite hostname="LAPTOP-5TL5FN9S" failures="0" tests="1" name="TestCases.WikipediaTest" time="11.513" errors="0" timestamp="2022-08-04T10:49:23 CEST" skipped="0">
  <testcase classname="TestCases.WikipediaTest" name="WikiTest" time="11.513"/>
  <system-out/>
</testsuite> <!-- TestCases.WikipediaTest -->
