<?xml version="1.0" encoding="UTF-8"?>
<!-- Generated by org.testng.reporters.JUnitReportReporter -->
<testsuite hostname="LAPTOP-5TL5FN9S" failures="0" tests="1" name="TestCases.IMDbTest" time="18.304" errors="0" timestamp="2022-07-30T22:17:36 CEST" skipped="0">
  <testcase classname="TestCases.IMDbTest" name="imdbTest" time="18.304"/>
  <system-out/>
</testsuite> <!-- TestCases.IMDbTest -->
